SF:lib/src/usecase/usecase.dart
DA:24,0
DA:26,0
DA:27,0
LF:3
LH:0
end_of_record
SF:lib/src/error/failures.dart
DA:8,0
DA:13,0
DA:14,0
DA:19,0
DA:27,0
DA:32,0
DA:37,0
DA:42,0
DA:48,0
DA:52,0
DA:53,0
DA:57,0
LF:12
LH:0
end_of_record
SF:lib/src/error/exceptions.dart
DA:5,0
DA:11,0
DA:16,0
DA:21,0
LF:4
LH:0
end_of_record
SF:lib/src/network/network_info.dart
DA:13,0
DA:16,0
DA:18,0
DA:19,0
DA:22,0
DA:24,0
DA:26,0
DA:27,0
LF:8
LH:0
end_of_record
SF:lib/src/network/dio_client.dart
DA:15,0
DA:21,0
DA:22,0
DA:26,0
DA:29,0
LF:5
LH:0
end_of_record
SF:lib/src/notifications/push_notification_service.dart
DA:19,0
DA:25,0
DA:27,0
DA:32,0
DA:37,0
DA:41,0
DA:46,0
DA:51,0
DA:52,0
LF:9
LH:0
end_of_record
SF:lib/src/audit/audit_event_table.dart
DA:12,0
DA:16,0
DA:20,0
DA:24,0
DA:26,0
DA:30,0
DA:33,0
DA:34,0
DA:37,0
DA:39,0
LF:10
LH:0
end_of_record
SF:lib/src/audit/audit_logger.dart
DA:17,0
DA:20,0
DA:30,0
DA:31,0
DA:36,0
DA:37,0
DA:38,0
DA:39,0
DA:47,0
DA:48,0
DA:49,0
DA:51,0
DA:54,0
DA:56,0
LF:14
LH:0
end_of_record
SF:lib/src/database/app_database.g.dart
DA:11,0
DA:74,0
DA:75,0
DA:76,0
DA:77,0
DA:78,0
DA:79,0
DA:80,0
DA:81,0
DA:82,0
DA:83,0
DA:84,0
DA:86,0
DA:87,0
DA:88,0
DA:91,0
DA:94,0
DA:95,0
DA:96,0
DA:97,0
DA:99,0
DA:100,0
DA:102,0
DA:103,0
DA:105,0
DA:107,0
DA:108,0
DA:109,0
DA:111,0
DA:113,0
DA:114,0
DA:115,0
DA:117,0
DA:119,0
DA:120,0
DA:122,0
DA:123,0
DA:125,0
DA:127,0
DA:128,0
DA:129,0
DA:131,0
DA:132,0
DA:134,0
DA:135,0
DA:137,0
DA:138,0
DA:139,0
DA:141,0
DA:142,0
DA:143,0
DA:148,0
DA:149,0
DA:150,0
DA:152,0
DA:153,0
DA:154,0
DA:155,0
DA:156,0
DA:157,0
DA:158,0
DA:159,0
DA:160,0
DA:161,0
DA:162,0
DA:163,0
DA:164,0
DA:165,0
DA:166,0
DA:167,0
DA:168,0
DA:169,0
DA:170,0
DA:171,0
DA:175,0
DA:177,0
DA:203,0
DA:213,0
DA:215,0
DA:216,0
DA:217,0
DA:218,0
DA:219,0
DA:220,0
DA:221,0
DA:222,0
DA:223,0
DA:224,0
DA:225,0
DA:230,0
DA:231,0
DA:232,0
DA:233,0
DA:234,0
DA:235,0
DA:236,0
DA:237,0
DA:238,0
DA:239,0
DA:240,0
DA:242,0
DA:246,0
DA:248,0
DA:249,0
DA:250,0
DA:251,0
DA:252,0
DA:253,0
DA:254,0
DA:255,0
DA:256,0
DA:257,0
DA:258,0
DA:261,0
DA:263,0
DA:264,0
DA:265,0
DA:266,0
DA:267,0
DA:268,0
DA:269,0
DA:270,0
DA:271,0
DA:272,0
DA:273,0
DA:277,0
DA:287,0
DA:288,0
DA:289,0
DA:290,0
DA:291,0
DA:292,0
DA:293,0
DA:294,0
DA:295,0
DA:296,0
DA:298,0
DA:299,0
DA:300,0
DA:302,0
DA:303,0
DA:304,0
DA:305,0
DA:306,0
DA:307,0
DA:308,0
DA:310,0
DA:311,0
DA:312,0
DA:316,0
DA:318,0
DA:319,0
DA:320,0
DA:321,0
DA:322,0
DA:323,0
DA:324,0
DA:325,0
DA:326,0
DA:327,0
DA:328,0
DA:329,0
DA:332,0
DA:333,0
DA:334,0
DA:335,0
DA:338,0
DA:339,0
DA:340,0
DA:341,0
DA:342,0
DA:343,0
DA:344,0
DA:345,0
DA:346,0
DA:347,0
DA:360,1
DA:371,0
DA:381,0
DA:382,0
DA:383,0
DA:384,0
DA:385,0
DA:396,0
DA:397,0
DA:398,0
DA:399,0
DA:400,0
DA:401,0
DA:402,0
DA:403,0
DA:404,0
DA:405,0
DA:409,0
DA:419,0
DA:420,0
DA:421,0
DA:422,0
DA:423,0
DA:424,0
DA:425,0
DA:426,0
DA:427,0
DA:428,0
DA:432,0
DA:434,0
DA:435,0
DA:436,0
DA:438,0
DA:439,0
DA:441,0
DA:442,0
DA:444,0
DA:445,0
DA:447,0
DA:448,0
DA:450,0
DA:451,0
DA:453,0
DA:454,0
DA:456,0
DA:457,0
DA:459,0
DA:460,0
DA:465,0
DA:467,0
DA:468,0
DA:469,0
DA:470,0
DA:471,0
DA:472,0
DA:473,0
DA:474,0
DA:475,0
DA:476,0
DA:477,0
DA:478,0
DA:487,0
DA:551,0
DA:552,0
DA:553,0
DA:554,0
DA:555,0
DA:556,0
DA:557,0
DA:558,0
DA:559,0
DA:560,0
DA:561,0
DA:562,0
DA:564,0
DA:565,0
DA:566,0
DA:569,0
DA:572,0
DA:573,0
DA:574,0
DA:575,0
DA:577,0
DA:578,0
DA:579,0
DA:581,0
DA:583,0
DA:584,0
DA:585,0
DA:587,0
DA:589,0
DA:590,0
DA:592,0
DA:593,0
DA:595,0
DA:597,0
DA:598,0
DA:599,0
DA:601,0
DA:603,0
DA:604,0
DA:606,0
DA:607,0
DA:609,0
DA:610,0
DA:611,0
DA:613,0
DA:614,0
DA:615,0
DA:617,0
DA:618,0
DA:620,0
DA:621,0
DA:623,0
DA:624,0
DA:625,0
DA:630,0
DA:631,0
DA:632,0
DA:634,0
DA:635,0
DA:636,0
DA:637,0
DA:638,0
DA:639,0
DA:640,0
DA:641,0
DA:642,0
DA:643,0
DA:644,0
DA:645,0
DA:646,0
DA:647,0
DA:648,0
DA:649,0
DA:650,0
DA:651,0
DA:652,0
DA:653,0
DA:654,0
DA:655,0
DA:659,0
DA:661,0
DA:692,0
DA:703,0
DA:705,0
DA:706,0
DA:707,0
DA:708,0
DA:709,0
DA:710,0
DA:711,0
DA:712,0
DA:714,0
DA:715,0
DA:717,0
DA:718,0
DA:720,0
DA:721,0
DA:723,0
DA:727,0
DA:728,0
DA:729,0
DA:730,0
DA:731,0
DA:732,0
DA:733,0
DA:734,0
DA:736,0
DA:737,0
DA:739,0
DA:740,0
DA:742,0
DA:743,0
DA:745,0
DA:746,0
DA:750,0
DA:752,0
DA:753,0
DA:754,0
DA:755,0
DA:756,0
DA:757,0
DA:758,0
DA:759,0
DA:760,0
DA:761,0
DA:762,0
DA:763,0
DA:766,0
DA:768,0
DA:769,0
DA:770,0
DA:771,0
DA:772,0
DA:773,0
DA:774,0
DA:775,0
DA:776,0
DA:777,0
DA:778,0
DA:779,0
DA:783,0
DA:794,0
DA:795,0
DA:796,0
DA:797,0
DA:798,0
DA:799,0
DA:800,0
DA:801,0
DA:802,0
DA:804,0
DA:805,0
DA:807,0
DA:808,0
DA:809,0
DA:810,0
DA:811,0
DA:813,0
DA:814,0
DA:816,0
DA:817,0
DA:818,0
DA:819,0
DA:820,0
DA:821,0
DA:822,0
DA:826,0
DA:828,0
DA:829,0
DA:830,0
DA:831,0
DA:832,0
DA:833,0
DA:834,0
DA:835,0
DA:836,0
DA:837,0
DA:838,0
DA:839,0
DA:840,0
DA:843,0
DA:844,0
DA:845,0
DA:846,0
DA:849,0
DA:850,0
DA:851,0
DA:852,0
DA:853,0
DA:854,0
DA:855,0
DA:856,0
DA:857,0
DA:858,0
DA:859,0
DA:873,0
DA:885,0
DA:896,0
DA:897,0
DA:898,0
DA:899,0
DA:900,0
DA:912,0
DA:913,0
DA:914,0
DA:915,0
DA:916,0
DA:917,0
DA:918,0
DA:919,0
DA:920,0
DA:921,0
DA:922,0
DA:926,0
DA:937,0
DA:938,0
DA:939,0
DA:940,0
DA:941,0
DA:942,0
DA:943,0
DA:944,0
DA:945,0
DA:946,0
DA:947,0
DA:951,0
DA:953,0
DA:954,0
DA:955,0
DA:957,0
DA:958,0
DA:960,0
DA:961,0
DA:963,0
DA:964,0
DA:966,0
DA:967,0
DA:969,0
DA:970,0
DA:972,0
DA:973,0
DA:975,0
DA:976,0
DA:978,0
DA:979,0
DA:981,0
DA:982,0
DA:987,0
DA:989,0
DA:990,0
DA:991,0
DA:992,0
DA:993,0
DA:994,0
DA:995,0
DA:996,0
DA:997,0
DA:998,0
DA:999,0
DA:1000,0
DA:1001,0
DA:1006,0
DA:1007,0
DA:1010,0
DA:1012,0
DA:1013,0
DA:1014,0
DA:1042,0
DA:1049,0
DA:1050,0
DA:1052,0
DA:1053,0
DA:1055,0
DA:1056,0
DA:1058,0
DA:1059,0
DA:1061,0
DA:1062,0
DA:1063,0
DA:1065,0
DA:1066,0
DA:1068,0
DA:1069,0
DA:1071,0
DA:1072,0
DA:1074,0
DA:1075,0
DA:1080,0
DA:1087,0
DA:1088,0
DA:1090,0
DA:1091,0
DA:1093,0
DA:1094,0
DA:1096,0
DA:1097,0
DA:1099,0
DA:1100,0
DA:1101,0
DA:1103,0
DA:1104,0
DA:1106,0
DA:1107,0
DA:1109,0
DA:1110,0
DA:1112,0
DA:1113,0
DA:1118,0
DA:1125,0
DA:1126,0
DA:1128,0
DA:1129,0
DA:1131,0
DA:1132,0
DA:1134,0
DA:1135,0
DA:1137,0
DA:1138,0
DA:1140,0
DA:1141,0
DA:1143,0
DA:1144,0
DA:1146,0
DA:1147,0
DA:1149,0
DA:1150,0
DA:1168,0
DA:1169,0
DA:1172,0
DA:1173,0
DA:1174,0
DA:1175,0
DA:1176,0
DA:1177,0
DA:1178,0
DA:1189,0
DA:1200,0
DA:1211,0
DA:1222,0
DA:1223,0
DA:1224,0
DA:1271,0
DA:1278,0
DA:1279,0
DA:1281,0
DA:1282,0
DA:1284,0
DA:1285,0
DA:1287,0
DA:1288,0
DA:1290,0
DA:1291,0
DA:1293,0
DA:1294,0
DA:1296,0
DA:1297,0
DA:1299,0
DA:1300,0
DA:1302,0
DA:1303,0
DA:1305,0
DA:1306,0
DA:1311,0
DA:1318,0
DA:1319,0
DA:1321,0
DA:1322,0
DA:1324,0
DA:1325,0
DA:1327,0
DA:1328,0
DA:1330,0
DA:1331,0
DA:1333,0
DA:1334,0
DA:1336,0
DA:1337,0
DA:1339,0
DA:1340,0
DA:1342,0
DA:1343,0
DA:1344,0
DA:1346,0
DA:1347,0
DA:1352,0
DA:1359,0
DA:1360,0
DA:1362,0
DA:1363,0
DA:1365,0
DA:1366,0
DA:1368,0
DA:1369,0
DA:1371,0
DA:1372,0
DA:1374,0
DA:1375,0
DA:1377,0
DA:1378,0
DA:1380,0
DA:1381,0
DA:1383,0
DA:1384,0
DA:1386,0
DA:1387,0
DA:1405,0
DA:1406,0
DA:1409,0
DA:1410,0
DA:1411,0
DA:1412,0
DA:1413,0
DA:1414,0
DA:1415,0
DA:1427,0
DA:1439,0
DA:1451,0
DA:1463,0
DA:1464,0
DA:1465,0
DA:1488,0
DA:1489,0
DA:1490,0
DA:1491,0
DA:1492,0
LF:663
LH:1
end_of_record
SF:lib/src/database/app_database.dart
DA:31,0
DA:33,0
DA:36,0
DA:37,0
DA:42,0
DA:43,0
LF:6
LH:0
end_of_record
SF:lib/src/database/sqlite_connection.dart
DA:18,0
DA:19,0
DA:20,0
DA:21,0
DA:22,0
LF:5
LH:0
end_of_record
SF:lib/src/sync/sync_engine.dart
DA:38,0
DA:39,0
DA:40,0
DA:52,0
DA:53,0
DA:58,0
DA:59,0
DA:60,0
DA:63,0
DA:64,0
DA:65,0
DA:67,0
DA:68,0
DA:69,0
DA:70,0
DA:72,0
DA:73,0
DA:75,0
DA:78,0
DA:81,0
DA:85,0
DA:86,0
DA:87,0
DA:90,0
DA:91,0
DA:92,0
DA:93,0
DA:94,0
DA:95,0
DA:96,0
DA:98,0
DA:99,0
DA:100,0
DA:101,0
DA:102,0
DA:105,0
DA:106,0
DA:107,0
DA:109,0
DA:110,0
DA:116,0
DA:122,0
LF:42
LH:0
end_of_record
SF:lib/src/sync/sync_task.dart
DA:7,0
DA:23,0
DA:24,0
LF:3
LH:0
end_of_record
SF:lib/src/sync/connectivity_service.dart
DA:13,0
DA:14,0
DA:21,0
DA:23,0
DA:25,0
DA:26,0
DA:27,0
LF:7
LH:0
end_of_record
SF:lib/src/di/core_module.dart
DA:11,0
LF:1
LH:0
end_of_record
SF:lib/src/auth/session.dart
DA:13,0
DA:14,0
DA:22,0
DA:23,0
DA:24,0
DA:26,0
DA:27,0
DA:28,0
DA:29,0
DA:30,0
DA:31,0
DA:34,0
DA:35,0
DA:36,0
DA:37,0
DA:40,0
DA:41,0
DA:42,0
DA:43,0
DA:45,0
DA:47,0
DA:48,0
DA:50,0
DA:79,0
DA:88,0
LF:25
LH:0
end_of_record
SF:lib/src/routing/route_guard.dart
DA:16,0
DA:17,0
DA:19,0
DA:26,0
DA:29,0
DA:31,0
DA:33,0
LF:7
LH:0
end_of_record
SF:lib/src/theme/app_theme.dart
DA:7,0
DA:12,0
DA:14,0
DA:18,0
DA:21,0
LF:5
LH:0
end_of_record
SF:lib/src/theme/responsive.dart
DA:10,0
DA:15,0
DA:16,0
DA:17,0
DA:18,0
LF:5
LH:0
end_of_record
SF:lib/src/constants/app_constants.dart
DA:5,0
LF:1
LH:0
end_of_record
SF:lib/src/utils/logger.dart
DA:6,0
DA:7,0
LF:2
LH:0
end_of_record
SF:lib/src/utils/result_extensions.dart
DA:10,0
DA:14,0
LF:2
LH:0
end_of_record
SF:lib/src/database/tables/sync_queue_table.dart
DA:12,0
DA:16,0
DA:19,0
DA:22,0
DA:26,0
DA:28,0
DA:30,0
DA:33,0
DA:35,0
LF:9
LH:0
end_of_record
SF:lib/src/network/interceptors/auth_interceptor.dart
DA:11,0
DA:14,0
DA:16,0
DA:18,0
DA:20,0
DA:23,0
DA:25,0
DA:26,0
DA:28,0
LF:9
LH:0
end_of_record
SF:lib/src/network/interceptors/logging_interceptor.dart
DA:11,0
DA:13,0
DA:14,0
DA:17,0
DA:19,0
DA:20,0
DA:23,0
DA:25,0
DA:26,0
LF:9
LH:0
end_of_record
SF:lib/src/network/interceptors/retry_interceptor.dart
DA:12,0
DA:14,0
DA:15,0
DA:16,0
DA:17,0
DA:19,0
DA:21,0
DA:22,0
DA:23,0
DA:25,0
DA:26,0
DA:31,0
LF:12
LH:0
end_of_record
