SF:lib/src/domain/usecases/transfer_asset.dart
DA:15,1
DA:18,1
DA:20,3
DA:21,1
DA:23,2
DA:24,1
DA:25,1
DA:26,1
DA:32,2
DA:42,0
DA:43,0
LF:11
LH:9
end_of_record
SF:lib/src/domain/entities/asset.dart
DA:11,0
DA:46,0
DA:55,0
DA:56,0
DA:57,0
DA:58,0
DA:59,0
DA:60,0
DA:61,0
DA:62,0
DA:63,0
DA:64,0
DA:65,0
DA:66,0
DA:67,0
DA:68,0
DA:72,0
DA:73,0
DA:74,0
DA:75,0
DA:76,0
DA:77,0
DA:78,0
DA:79,0
DA:80,0
DA:81,0
DA:82,0
LF:27
LH:0
end_of_record
SF:lib/src/domain/entities/asset_dashboard_stats.dart
DA:9,0
DA:23,0
DA:25,0
LF:3
LH:0
end_of_record
SF:lib/src/presentation/bloc/asset_transfer/asset_transfer_bloc.dart
DA:16,2
DA:17,2
DA:22,1
DA:23,3
DA:24,2
DA:25,1
DA:26,1
DA:27,1
DA:28,1
DA:31,1
DA:32,5
DA:38,4
LF:12
LH:12
end_of_record
SF:lib/src/presentation/bloc/asset_transfer/asset_transfer_event.dart
DA:4,1
DA:5,0
DA:6,0
DA:10,1
DA:20,0
DA:21,0
LF:6
LH:2
end_of_record
SF:lib/src/presentation/bloc/asset_transfer/asset_transfer_state.dart
DA:6,1
DA:11,1
DA:12,1
DA:14,1
DA:15,3
LF:5
LH:5
end_of_record
