SF:lib/src/domain/usecases/login_with_password.dart
DA:11,0
DA:14,0
DA:16,0
DA:20,1
DA:24,0
DA:25,0
LF:6
LH:1
end_of_record
SF:lib/src/domain/entities/user.dart
DA:9,2
DA:25,1
DA:26,7
LF:3
LH:3
end_of_record
SF:lib/src/presentation/bloc/auth_bloc.dart
DA:19,2
DA:20,2
DA:21,2
DA:27,1
DA:28,3
DA:29,2
DA:30,1
DA:31,0
DA:32,2
DA:34,2
DA:35,2
DA:40,1
DA:41,2
DA:42,1
LF:14
LH:13
end_of_record
SF:lib/src/presentation/bloc/auth_event.dart
DA:4,0
DA:5,0
DA:6,0
DA:10,0
DA:14,0
LF:5
LH:0
end_of_record
SF:lib/src/presentation/bloc/auth_state.dart
DA:8,3
DA:13,1
DA:14,2
DA:16,1
DA:17,3
LF:5
LH:5
end_of_record
SF:lib/src/presentation/bloc/login/login_bloc.dart
DA:16,2
DA:17,2
DA:22,1
DA:23,3
DA:24,2
DA:25,3
DA:27,1
DA:28,5
DA:29,4
LF:9
LH:9
end_of_record
SF:lib/src/presentation/bloc/login/login_event.dart
DA:4,1
DA:5,0
DA:6,0
DA:10,1
DA:14,0
DA:15,0
LF:6
LH:2
end_of_record
SF:lib/src/presentation/bloc/login/login_state.dart
DA:6,2
DA:11,1
DA:12,1
DA:14,1
DA:15,3
LF:5
LH:5
end_of_record
SF:lib/src/presentation/bloc/registration/registration_bloc.dart
DA:19,1
DA:24,1
DA:25,2
DA:26,2
DA:27,2
DA:35,1
DA:39,4
DA:40,3
DA:41,3
DA:43,4
DA:46,3
DA:47,1
DA:48,0
DA:49,2
DA:50,2
DA:55,1
DA:56,3
DA:57,2
DA:58,4
DA:60,1
DA:61,0
DA:62,2
DA:63,2
DA:72,1
DA:76,3
DA:77,2
DA:78,4
DA:80,1
DA:81,0
DA:85,4
LF:30
LH:27
end_of_record
SF:lib/src/presentation/bloc/registration/registration_event.dart
DA:4,1
DA:5,0
DA:6,0
DA:11,1
DA:13,0
DA:14,0
DA:19,1
DA:21,0
DA:22,0
DA:27,1
DA:29,0
DA:30,0
LF:12
LH:4
end_of_record
SF:lib/src/presentation/bloc/registration/registration_state.dart
DA:8,2
DA:25,1
DA:32,1
DA:33,1
DA:34,0
DA:35,1
DA:36,1
DA:40,1
DA:41,6
LF:9
LH:8
end_of_record
SF:lib/src/presentation/pages/login_page.dart
DA:18,0
DA:20,0
DA:21,0
DA:28,0
DA:30,0
DA:31,0
DA:32,0
DA:35,0
DA:37,0
DA:38,0
DA:39,0
DA:40,0
DA:41,0
DA:42,0
DA:44,0
DA:46,0
DA:47,0
DA:48,0
DA:49,0
DA:50,0
DA:53,0
DA:54,0
DA:57,0
DA:58,0
DA:61,0
DA:64,0
DA:65,0
DA:70,0
DA:71,0
DA:76,0
DA:78,0
DA:79,0
DA:80,0
DA:81,0
DA:82,0
DA:87,0
DA:88,0
LF:37
LH:0
end_of_record
SF:lib/src/presentation/pages/register_page.dart
DA:19,0
DA:21,0
DA:23,0
DA:24,0
DA:25,0
DA:26,0
DA:27,0
DA:28,0
DA:30,0
DA:32,0
DA:33,0
DA:34,0
DA:35,0
DA:36,0
DA:39,0
DA:40,0
DA:43,0
DA:44,0
DA:47,0
DA:50,0
DA:51,0
DA:52,0
DA:53,0
DA:54,0
DA:57,0
DA:58,0
DA:59,0
DA:76,2
DA:78,0
DA:79,0
DA:85,0
DA:87,0
DA:88,0
DA:91,0
DA:93,0
DA:94,0
DA:96,0
DA:97,0
DA:99,0
DA:102,0
DA:103,0
DA:108,0
DA:110,0
DA:111,0
DA:112,0
DA:113,0
DA:121,0
DA:124,0
DA:125,0
DA:131,0
DA:133,0
DA:134,0
DA:137,0
DA:139,0
DA:140,0
DA:142,0
DA:143,0
DA:144,0
DA:145,0
DA:148,0
DA:149,0
DA:154,0
DA:156,0
DA:157,0
DA:158,0
DA:166,2
DA:168,0
DA:169,0
DA:175,0
DA:177,0
DA:178,0
DA:181,0
DA:183,0
DA:184,0
DA:186,0
DA:187,0
DA:189,0
DA:190,0
DA:195,0
DA:197,0
DA:198,0
DA:199,0
DA:200,0
DA:208,2
DA:210,0
LF:85
LH:3
end_of_record
SF:lib/src/domain/usecases/check_registration_email.dart
DA:11,0
DA:14,0
DA:15,0
LF:3
LH:0
end_of_record
SF:lib/src/domain/usecases/get_current_session.dart
DA:10,0
DA:13,0
DA:14,0
DA:19,0
DA:22,0
DA:23,0
LF:6
LH:0
end_of_record
SF:lib/src/domain/usecases/request_registration_otp.dart
DA:9,0
DA:12,0
DA:13,0
LF:3
LH:0
end_of_record
SF:lib/src/domain/usecases/set_password.dart
DA:13,0
DA:16,0
DA:17,0
DA:18,0
DA:19,0
DA:24,1
DA:28,0
DA:29,0
LF:8
LH:1
end_of_record
SF:lib/src/domain/usecases/verify_registration_otp.dart
DA:12,0
DA:15,0
DA:17,0
DA:21,1
DA:25,0
DA:26,0
LF:6
LH:1
end_of_record
